<?xml version="1.0" encoding="UTF-8"?>
<testsuite name="TestSuite" time="0.614" tests="6" errors="0" skipped="4" failures="2">
  <properties>
[...]
</properties>
  <testcase name="setUp" classname="testCases.VerifyHomePage" time="0.614">
    <failure message="The path to the driver executable must be set by the webdriver.gecko.driver system property; for more information, see https://github.com/mozilla/geckodriver. The latest version can be downloaded from https://github.com/mozilla/geckodriver/releases" type="java.lang.IllegalStateException"><![CDATA[java.lang.IllegalStateException: The path to the driver executable must be set by the webdriver.gecko.driver system property; for more information, see https://github.com/mozilla/geckodriver. The latest version can be downloaded from https://github.com/mozilla/geckodriver/releases
	at com.google.common.base.Preconditions.checkState(Preconditions.java:199)
	at org.openqa.selenium.remote.service.DriverService.findExecutable(DriverService.java:109)
	at org.openqa.selenium.firefox.GeckoDriverService.access$000(GeckoDriverService.java:37)
	at org.openqa.selenium.firefox.GeckoDriverService$Builder.findDefaultExecutable(GeckoDriverService.java:95)
	at org.openqa.selenium.remote.service.DriverService$Builder.build(DriverService.java:296)
	at org.openqa.selenium.firefox.FirefoxDriver.createCommandExecutor(FirefoxDriver.java:277)
	at org.openqa.selenium.firefox.FirefoxDriver.<init>(FirefoxDriver.java:247)
	at org.openqa.selenium.firefox.FirefoxDriver.<init>(FirefoxDriver.java:242)
	at org.openqa.selenium.firefox.FirefoxDriver.<init>(FirefoxDriver.java:238)
	at org.openqa.selenium.firefox.FirefoxDriver.<init>(FirefoxDriver.java:127)
	at Factory.BrowserFactory.getBrowser(BrowserFactory.java:19)
	at testCases.VerifyHomePage.setUp(VerifyHomePage.java:22)
]]></failure>
  </testcase>
  <testcase name="testHomePage" classname="testCases.VerifyHomePage" time="0">
    <skipped/>
  </testcase>
  <testcase name="tearDown" classname="testCases.VerifyHomePage" time="0">
    <skipped/>
  </testcase>
  <testcase name="setUp" classname="testCases.VerifyLoginPage" time="0">
    <failure message="The path to the driver executable must be set by the webdriver.gecko.driver system property; for more information, see https://github.com/mozilla/geckodriver. The latest version can be downloaded from https://github.com/mozilla/geckodriver/releases" type="java.lang.IllegalStateException"><![CDATA[java.lang.IllegalStateException: The path to the driver executable must be set by the webdriver.gecko.driver system property; for more information, see https://github.com/mozilla/geckodriver. The latest version can be downloaded from https://github.com/mozilla/geckodriver/releases
	at com.google.common.base.Preconditions.checkState(Preconditions.java:199)
	at org.openqa.selenium.remote.service.DriverService.findExecutable(DriverService.java:109)
	at org.openqa.selenium.firefox.GeckoDriverService.access$000(GeckoDriverService.java:37)
	at org.openqa.selenium.firefox.GeckoDriverService$Builder.findDefaultExecutable(GeckoDriverService.java:95)
	at org.openqa.selenium.remote.service.DriverService$Builder.build(DriverService.java:296)
	at org.openqa.selenium.firefox.FirefoxDriver.createCommandExecutor(FirefoxDriver.java:277)
	at org.openqa.selenium.firefox.FirefoxDriver.<init>(FirefoxDriver.java:247)
	at org.openqa.selenium.firefox.FirefoxDriver.<init>(FirefoxDriver.java:242)
	at org.openqa.selenium.firefox.FirefoxDriver.<init>(FirefoxDriver.java:238)
	at org.openqa.selenium.firefox.FirefoxDriver.<init>(FirefoxDriver.java:127)
	at Factory.BrowserFactory.getBrowser(BrowserFactory.java:19)
	at testCases.VerifyLoginPage.setUp(VerifyLoginPage.java:23)
]]></failure>
  </testcase>
  <testcase name="testLoginPage" classname="testCases.VerifyLoginPage" time="0">
    <skipped/>
  </testcase>
  <testcase name="tearDown" classname="testCases.VerifyLoginPage" time="0">
    <skipped/>
  </testcase>
</testsuite>